This is pdfTeX, Version 3.14159265-2.6-1.40.21 (TeX Live 2020/W32TeX) (preloaded format=pdflatex 2021.3.9)  30 NOV 2021 00:20
entering extended mode
 restricted \write18 enabled.
 %&-line parsing enabled.
**coursework.tex
(./coursework.tex
LaTeX2e <2020-10-01> patch level 4
L3 programming layer <2021-02-18>
(c:/texlive/2020/texmf-dist/tex/latex/base/article.cls
Document Class: article 2020/04/10 v1.4m Standard LaTeX document class
(c:/texlive/2020/texmf-dist/tex/latex/base/size10.clo
File: size10.clo 2020/04/10 v1.4m Standard LaTeX file (size option)
)
\c@part=\count179
\c@section=\count180
\c@subsection=\count181
\c@subsubsection=\count182
\c@paragraph=\count183
\c@subparagraph=\count184
\c@figure=\count185
\c@table=\count186
\abovecaptionskip=\skip47
\belowcaptionskip=\skip48
\bibindent=\dimen138
)
(c:/texlive/2020/texmf-dist/tex/latex/preprint/fullpage.sty
Package: fullpage 1999/02/23 1.1 (PWD)
\FP@margin=\skip49
)
(c:/texlive/2020/texmf-dist/tex/latex/graphics/graphicx.sty
Package: graphicx 2020/09/09 v1.2b Enhanced LaTeX Graphics (DPC,SPQR)

(c:/texlive/2020/texmf-dist/tex/latex/graphics/keyval.sty
Package: keyval 2014/10/28 v1.15 key=value parser (DPC)
\KV@toks@=\toks15
)
(c:/texlive/2020/texmf-dist/tex/latex/graphics/graphics.sty
Package: graphics 2020/08/30 v1.4c Standard LaTeX Graphics (DPC,SPQR)

(c:/texlive/2020/texmf-dist/tex/latex/graphics/trig.sty
Package: trig 2016/01/03 v1.10 sin cos tan (DPC)
)
(c:/texlive/2020/texmf-dist/tex/latex/graphics-cfg/graphics.cfg
File: graphics.cfg 2016/06/04 v1.11 sample graphics configuration
)
Package graphics Info: Driver file: pdftex.def on input line 105.

(c:/texlive/2020/texmf-dist/tex/latex/graphics-def/pdftex.def
File: pdftex.def 2020/10/05 v1.2a Graphics/color driver for pdftex
))
\Gin@req@height=\dimen139
\Gin@req@width=\dimen140
)
(c:/texlive/2020/texmf-dist/tex/latex/tools/array.sty
Package: array 2020/10/01 v2.5c Tabular extension package (FMi)
\col@sep=\dimen141
\ar@mcellbox=\box47
\extrarowheight=\dimen142
\NC@list=\toks16
\extratabsurround=\skip50
\backup@length=\skip51
\ar@cellbox=\box48
)
(c:/texlive/2020/texmf-dist/tex/latex/url/url.sty
\Urlmuskip=\muskip16
Package: url 2013/09/16  ver 3.4  Verb mode for urls, etc.
)
(c:/texlive/2020/texmf-dist/tex/latex/l3backend/l3backend-pdftex.def
File: l3backend-pdftex.def 2021-03-02 L3 backend support: PDF output (pdfTeX)
\l__color_backend_stack_int=\count187
\l__pdf_internal_box=\box49
)
(./coursework.aux)
\openout1 = `coursework.aux'.

LaTeX Font Info:    Checking defaults for OML/cmm/m/it on input line 4.
LaTeX Font Info:    ... okay on input line 4.
LaTeX Font Info:    Checking defaults for OMS/cmsy/m/n on input line 4.
LaTeX Font Info:    ... okay on input line 4.
LaTeX Font Info:    Checking defaults for OT1/cmr/m/n on input line 4.
LaTeX Font Info:    ... okay on input line 4.
LaTeX Font Info:    Checking defaults for T1/cmr/m/n on input line 4.
LaTeX Font Info:    ... okay on input line 4.
LaTeX Font Info:    Checking defaults for TS1/cmr/m/n on input line 4.
LaTeX Font Info:    ... okay on input line 4.
LaTeX Font Info:    Checking defaults for OMX/cmex/m/n on input line 4.
LaTeX Font Info:    ... okay on input line 4.
LaTeX Font Info:    Checking defaults for U/cmr/m/n on input line 4.
LaTeX Font Info:    ... okay on input line 4.

(c:/texlive/2020/texmf-dist/tex/context/base/mkii/supp-pdf.mkii
[Loading MPS to PDF converter (version 2006.09.02).]
\scratchcounter=\count188
\scratchdimen=\dimen143
\scratchbox=\box50
\nofMPsegments=\count189
\nofMParguments=\count190
\everyMPshowfont=\toks17
\MPscratchCnt=\count191
\MPscratchDim=\dimen144
\MPnumerator=\count192
\makeMPintoPDFobject=\count193
\everyMPtoPDFconversion=\toks18
) (c:/texlive/2020/texmf-dist/tex/latex/epstopdf-pkg/epstopdf-base.sty
Package: epstopdf-base 2020-01-24 v2.11 Base part for package epstopdf
Package epstopdf-base Info: Redefining graphics rule for `.eps' on input line 4
85.

(c:/texlive/2020/texmf-dist/tex/latex/latexconfig/epstopdf-sys.cfg
File: epstopdf-sys.cfg 2010/07/13 v1.3 Configuration of (r)epstopdf for TeX Liv
e
))
LaTeX Font Info:    External font `cmex10' loaded for size
(Font)              <12> on input line 7.
LaTeX Font Info:    External font `cmex10' loaded for size
(Font)              <8> on input line 7.
LaTeX Font Info:    External font `cmex10' loaded for size
(Font)              <6> on input line 7.

Underfull \hbox (badness 10000) in paragraph at lines 10--13

 []

[1

{c:/texlive/2020/texmf-var/fonts/map/pdftex/updmap/pdftex.map}]
<TopAnimeByYear.png, id=12, 840.13875pt x 386.94562pt>
File: TopAnimeByYear.png Graphic file (type png)
<use TopAnimeByYear.png>
Package pdftex.def Info: TopAnimeByYear.png  used on input line 32.
(pdftex.def)             Requested size: 462.07774pt x 212.82074pt.

Underfull \hbox (badness 10000) in paragraph at lines 25--33

 []


Underfull \hbox (badness 10000) in paragraph at lines 25--33

 []


Underfull \hbox (badness 10000) in paragraph at lines 25--33

 []


Overfull \hbox (9.10985pt too wide) in paragraph at lines 25--33
[] 
 []

[2 <./TopAnimeByYear.png>]
Underfull \hbox (badness 10000) in paragraph at lines 37--42

 []


Underfull \hbox (badness 10000) in paragraph at lines 37--42

 []


Underfull \hbox (badness 10000) in paragraph at lines 37--42

 []

<2013Radar.png, id=18, 496.10344pt x 386.94562pt>
File: 2013Radar.png Graphic file (type png)
<use 2013Radar.png>
Package pdftex.def Info: 2013Radar.png  used on input line 45.
(pdftex.def)             Requested size: 144.95303pt x 113.05566pt.
LaTeX Font Info:    External font `cmex10' loaded for size
(Font)              <7> on input line 46.
LaTeX Font Info:    External font `cmex10' loaded for size
(Font)              <5> on input line 46.
<2014Radar.png, id=19, 496.10344pt x 386.94562pt>
File: 2014Radar.png Graphic file (type png)
<use 2014Radar.png>
Package pdftex.def Info: 2014Radar.png  used on input line 48.
(pdftex.def)             Requested size: 144.95303pt x 113.05566pt.
<2015Radar.png, id=20, 496.10344pt x 386.94562pt>
File: 2015Radar.png Graphic file (type png)
<use 2015Radar.png>
Package pdftex.def Info: 2015Radar.png  used on input line 51.
(pdftex.def)             Requested size: 144.95303pt x 113.05566pt.
<2016Radar.png, id=21, 496.10344pt x 386.94562pt>
File: 2016Radar.png Graphic file (type png)
<use 2016Radar.png>
Package pdftex.def Info: 2016Radar.png  used on input line 56.
(pdftex.def)             Requested size: 144.95303pt x 113.05566pt.
<2017Radar.png, id=22, 501.37312pt x 386.94562pt>
File: 2017Radar.png Graphic file (type png)
<use 2017Radar.png>
Package pdftex.def Info: 2017Radar.png  used on input line 59.
(pdftex.def)             Requested size: 144.95303pt x 111.8689pt.
[3 <./2013Radar.png> <./2014Radar.png> <./2015Radar.png> <./2016Radar.png> <./2
017Radar.png>]
<TopAnimeBySource.png, id=31, 863.47594pt x 451.6875pt>
File: TopAnimeBySource.png Graphic file (type png)
<use TopAnimeBySource.png>
Package pdftex.def Info: TopAnimeBySource.png  used on input line 69.
(pdftex.def)             Requested size: 518.08955pt x 271.01459pt.

Underfull \hbox (badness 10000) in paragraph at lines 66--70

 []


Overfull \hbox (65.12166pt too wide) in paragraph at lines 66--70
[] 
 []

[4 <./TopAnimeBySource.png>]
<TopAnimeTypeByManga.png, id=36, 681.29532pt x 451.6875pt>
File: TopAnimeTypeByManga.png Graphic file (type png)
<use TopAnimeTypeByManga.png>
Package pdftex.def Info: TopAnimeTypeByManga.png  used on input line 76.
(pdftex.def)             Requested size: 408.78035pt x 271.01459pt.
 [5 <./TopAnimeTypeByManga.png>]
<HighestRatingBySource.png, id=41, 845.40843pt x 451.6875pt>
File: HighestRatingBySource.png Graphic file (type png)
<use HighestRatingBySource.png>
Package pdftex.def Info: HighestRatingBySource.png  used on input line 82.
(pdftex.def)             Requested size: 507.24896pt x 271.01459pt.

Overfull \hbox (54.28107pt too wide) in paragraph at lines 81--83
[] 
 []

[6 <./HighestRatingBySource.png>]
<BadAnimeByYear.png, id=46, 787.44188pt x 386.94562pt>
File: BadAnimeByYear.png Graphic file (type png)
<use BadAnimeByYear.png>
Package pdftex.def Info: BadAnimeByYear.png  used on input line 90.
(pdftex.def)             Requested size: 472.46877pt x 232.16916pt.

Underfull \hbox (badness 10000) in paragraph at lines 87--91

 []


Overfull \hbox (19.50087pt too wide) in paragraph at lines 87--91
[] 
 []

[7 <./BadAnimeByYear.png>]
<BadAnimeByGenre.png, id=52, 845.40843pt x 451.6875pt>
File: BadAnimeByGenre.png Graphic file (type png)
<use BadAnimeByGenre.png>
Package pdftex.def Info: BadAnimeByGenre.png  used on input line 96.
(pdftex.def)             Requested size: 507.24896pt x 271.01459pt.

Overfull \hbox (54.28107pt too wide) in paragraph at lines 95--97
[] 
 []


Underfull \hbox (badness 10000) in paragraph at lines 100--104

 []


Underfull \hbox (badness 10000) in paragraph at lines 100--104

 []


Underfull \hbox (badness 10000) in paragraph at lines 100--104

 []

[8 <./BadAnimeByGenre.png>] (./coursework.aux) ) 
Here is how much of TeX's memory you used:
 1416 strings out of 479023
 21172 string characters out of 5863351
 310827 words of memory out of 5000000
 18901 multiletter control sequences out of 15000+600000
 408226 words of font info for 43 fonts, out of 8000000 for 9000
 1141 hyphenation exceptions out of 8191
 68i,7n,74p,926b,247s stack positions out of 5000i,500n,10000p,200000b,80000s
{c:/texlive/2020/texmf-dist/fon
ts/enc/dvips/cm-super/cm-super-ts1.enc}<c:/texlive/2020/texmf-dist/fonts/type1/
public/amsfonts/cm/cmbx12.pfb><c:/texlive/2020/texmf-dist/fonts/type1/public/am
sfonts/cm/cmr10.pfb><c:/texlive/2020/texmf-dist/fonts/type1/public/amsfonts/cm/
cmr12.pfb><c:/texlive/2020/texmf-dist/fonts/type1/public/amsfonts/cm/cmr17.pfb>
<c:/texlive/2020/texmf-dist/fonts/type1/public/amsfonts/cm/cmti10.pfb><c:/texli
ve/2020/texmf-dist/fonts/type1/public/amsfonts/cm/cmtt10.pfb><c:/texlive/2020/t
exmf-dist/fonts/type1/public/cm-super/sfrm1000.pfb>
Output written on coursework.pdf (8 pages, 198332 bytes).
PDF statistics:
 82 PDF objects out of 1000 (max. 8388607)
 42 compressed objects within 1 object stream
 0 named destinations out of 1000 (max. 500000)
 56 words of extra memory for PDF output out of 10000 (max. 10000000)

